27-Jan-2020 23:46:40.120 INFO [main] org.apache.catalina.startup.VersionLoggerListener.log 서버 버전 이름:        Apache Tomcat/9.0.27
27-Jan-2020 23:46:40.127 INFO [main] org.apache.catalina.startup.VersionLoggerListener.log Server 빌드 시각:          Oct 7 2019 09:57:22 UTC
27-Jan-2020 23:46:40.127 INFO [main] org.apache.catalina.startup.VersionLoggerListener.log Server 버전 번호:         9.0.27.0
27-Jan-2020 23:46:40.127 INFO [main] org.apache.catalina.startup.VersionLoggerListener.log 운영체제 이름:               Windows 10
27-Jan-2020 23:46:40.127 INFO [main] org.apache.catalina.startup.VersionLoggerListener.log 운영체제 버전:            10.0
27-Jan-2020 23:46:40.127 INFO [main] org.apache.catalina.startup.VersionLoggerListener.log 아키텍처:          amd64
27-Jan-2020 23:46:40.128 INFO [main] org.apache.catalina.startup.VersionLoggerListener.log 자바 홈:             C:\Program Files\Java\jdk-13.0.1
27-Jan-2020 23:46:40.128 INFO [main] org.apache.catalina.startup.VersionLoggerListener.log JVM 버전:           13.0.1+9
27-Jan-2020 23:46:40.128 INFO [main] org.apache.catalina.startup.VersionLoggerListener.log JVM 벤더:            Oracle Corporation
27-Jan-2020 23:46:40.128 INFO [main] org.apache.catalina.startup.VersionLoggerListener.log CATALINA_BASE:         D:\소프트웨어\학업 소프트웨어\apache-tomcat-9.0.27
27-Jan-2020 23:46:40.128 INFO [main] org.apache.catalina.startup.VersionLoggerListener.log CATALINA_HOME:         D:\소프트웨어\학업 소프트웨어\apache-tomcat-9.0.27
27-Jan-2020 23:46:40.143 INFO [main] org.apache.catalina.startup.VersionLoggerListener.log 명령 행 아규먼트: --add-opens=java.base/java.lang=ALL-UNNAMED
27-Jan-2020 23:46:40.144 INFO [main] org.apache.catalina.startup.VersionLoggerListener.log 명령 행 아규먼트: --add-opens=java.base/java.io=ALL-UNNAMED
27-Jan-2020 23:46:40.145 INFO [main] org.apache.catalina.startup.VersionLoggerListener.log 명령 행 아규먼트: --add-opens=java.rmi/sun.rmi.transport=ALL-UNNAMED
27-Jan-2020 23:46:40.146 INFO [main] org.apache.catalina.startup.VersionLoggerListener.log 명령 행 아규먼트: -Djava.util.logging.config.file=D:\소프트웨어\학업 소프트웨어\apache-tomcat-9.0.27\conf\logging.properties
27-Jan-2020 23:46:40.146 INFO [main] org.apache.catalina.startup.VersionLoggerListener.log 명령 행 아규먼트: -Djava.util.logging.manager=org.apache.juli.ClassLoaderLogManager
27-Jan-2020 23:46:40.147 INFO [main] org.apache.catalina.startup.VersionLoggerListener.log 명령 행 아규먼트: -Djdk.tls.ephemeralDHKeySize=2048
27-Jan-2020 23:46:40.148 INFO [main] org.apache.catalina.startup.VersionLoggerListener.log 명령 행 아규먼트: -Djava.protocol.handler.pkgs=org.apache.catalina.webresources
27-Jan-2020 23:46:40.149 INFO [main] org.apache.catalina.startup.VersionLoggerListener.log 명령 행 아규먼트: -Dignore.endorsed.dirs=
27-Jan-2020 23:46:40.149 INFO [main] org.apache.catalina.startup.VersionLoggerListener.log 명령 행 아규먼트: -Dcatalina.base=D:\소프트웨어\학업 소프트웨어\apache-tomcat-9.0.27
27-Jan-2020 23:46:40.152 INFO [main] org.apache.catalina.startup.VersionLoggerListener.log 명령 행 아규먼트: -Dcatalina.home=D:\소프트웨어\학업 소프트웨어\apache-tomcat-9.0.27
27-Jan-2020 23:46:40.153 INFO [main] org.apache.catalina.startup.VersionLoggerListener.log 명령 행 아규먼트: -Djava.io.tmpdir=D:\소프트웨어\학업 소프트웨어\apache-tomcat-9.0.27\temp
27-Jan-2020 23:46:40.153 INFO [main] org.apache.catalina.core.AprLifecycleListener.lifecycleEvent 프로덕션 환경들에서 최적의 성능을 제공하는, APR 기반 Apache Tomcat Native 라이브러리가, 다음 java.library.path에서 발견되지 않습니다: [C:\Program Files\Java\jdk-13.0.1\bin;C:\WINDOWS\Sun\Java\bin;C:\WINDOWS\system32;C:\WINDOWS;D:\English_Software\Anaconda3;D:\English_Software\Anaconda3\Library\mingw-w64\bin;D:\English_Software\Anaconda3\Library\usr\bin;D:\English_Software\Anaconda3\Library\bin;D:\English_Software\Anaconda3\Scripts;D:\oracle\product\12.2.0\dbhome_1\bin;C:\Users\wlsgm\Desktop\WINDOWS.X64_193000_db_home\bin;D:\Oracle\product\11.2.0\dbhome_2\bin;D:\Oracle\product\11.2.0\dbhome_1\bin;C:\Oracle\product\11.2.0\dbhome_1\bin;D:\소프트웨어\학업소프트웨어\Oracle\product\11.2.0\dbhome_1\bin;C:\Program Files (x86)\NAT Service;D:\oraclexe\app\oracle\product\11.2.0\server\bin;C:\Program Files\Common Files\Pleora;C:\Program Files\Common Files\Pleora\eBUS SDK;C:\Program Files (x86)\Common Files\Pleora;C:\Program Files (x86)\Common Files\Pleora\eBUS SDK;C:\Program Files (x86)\Common Files\Oracle\Java\javapath;C:\Program Files (x86)\Intel\iCLS Client\;C:\Program Files\Intel\iCLS Client\;C:\Windows\system32;C:\Windows;C:\Windows\System32\Wbem;C:\Windows\System32\WindowsPowerShell\v1.0\;C:\Program Files (x86)\NVIDIA Corporation\PhysX\Common;C:\Program Files (x86)\Intel\Intel(R) Management Engine Components\DAL;C:\Program Files\Intel\Intel(R) Management Engine Components\DAL;C:\Program Files (x86)\Intel\Intel(R) Management Engine Components\IPT;C:\Program Files\Intel\Intel(R) Management Engine Components\IPT;C:\WINDOWS\system32;C:\WINDOWS;C:\WINDOWS\System32\Wbem;C:\WINDOWS\System32\WindowsPowerShell\v1.0\;C:\WINDOWS\System32\OpenSSH\;D:\소프트웨어\학업 소프트웨어\Bracket\command;C:\Program;iles\MySQL\MySQL Server 8.0\bin;C:\Program Files\NVIDIA Corporation\NVIDIA NvDLISR;C:\Program Files\Git\cmd;C:\Program Files\Java\jdk1.8.0_181\bin;C:\Program Files\Java\jdk-13.0.1\bin;D:\소프트웨어\학업 소프트웨어\apache-tomcat-9.0.27\bin;D:\소프트웨어\학업 소프트웨어\Gradle\gradle-5.6.2\bin;D:\소프트웨어\학업 소프트웨어\apache-maven-3.6.2\bin;C:\Program Files\nodejs\;C:\WINDOWS\system32;C:\WINDOWS;C:\WINDOWS\System32\Wbem;C:\WINDOWS\System32\WindowsPowerShell\v1.0\;C:\WINDOWS\System32\OpenSSH\;D:\kimwoocheol\PersonelStudy\Java\jsp\Apache24\bin;C:\Program Files\zulu13.27.9-ca-jdk13-win_x64\bin;C:\ProgramData\chocolatey\bin;C:\Users\wlsgm\AppData\Local\Programs\Python\Python37\Scripts\;C:\Users\wlsgm\AppData\Local\Programs\Python\Python37\;C:\Program Files\MySQL\MySQL Shell 8.0\bin\;C:\Users\wlsgm\AppData\Local\Microsoft\WindowsApps;C:\Program Files\Bandizip\;D:\소프트웨어\학업 소프트웨어\Fiddler;D:\소프트웨어\학업 소프트웨어\Microsoft VS Code\bin;C:\Users\wlsgm\AppData\Roaming\npm;C:\Users\wlsgm\AppData\Local\Microsoft\WindowsApps;D:\소프트웨어\학업 소프트웨어\Gradle\gradle-5.6.3\bin;D:\소프트웨어\학업 소프트웨어\apache-maven-3.6.2\bin;;.]
27-Jan-2020 23:46:40.384 INFO [main] org.apache.coyote.AbstractProtocol.init 프로토콜 핸들러 ["http-nio-8001"]을(를) 초기화합니다.
27-Jan-2020 23:46:44.967 INFO [main] org.apache.coyote.AbstractProtocol.init 프로토콜 핸들러 ["ajp-nio-8009"]을(를) 초기화합니다.
27-Jan-2020 23:46:44.975 INFO [main] org.apache.catalina.startup.Catalina.load [5,098] 밀리초 내에 서버가 초기화되었습니다.
27-Jan-2020 23:46:45.012 INFO [main] org.apache.catalina.core.StandardService.startInternal 서비스 [Catalina]을(를) 시작합니다.
27-Jan-2020 23:46:45.015 INFO [main] org.apache.catalina.core.StandardEngine.startInternal 서버 엔진을 시작합니다: [Apache Tomcat/9.0.27]
27-Jan-2020 23:46:45.026 INFO [main] org.apache.catalina.startup.HostConfig.deployDirectory 웹 애플리케이션 디렉토리 [D:\소프트웨어\학업 소프트웨어\apache-tomcat-9.0.27\webapps\docs]을(를) 배치합니다.
27-Jan-2020 23:46:46.124 INFO [main] org.apache.jasper.servlet.TldScanner.scanJars 적어도 하나의 JAR가 TLD들을 찾기 위해 스캔되었으나 아무 것도 찾지 못했습니다. 스캔했으나 TLD가 없는 JAR들의 전체 목록을 보시려면, 로그 레벨을 디버그 레벨로 설정하십시오. 스캔 과정에서 불필요한 JAR들을 건너뛰면, 시스템 시작 시간과 JSP 컴파일 시간을 단축시킬 수 있습니다.
27-Jan-2020 23:46:48.445 WARNING [main] org.apache.catalina.util.SessionIdGeneratorBase.createSecureRandom [SHA1PRNG] 알고리즘을 사용하여, 세션 ID를 생성하기 위한 SecureRandom 객체를 생성하는데, [2,293] 밀리초가 소요됐습니다.
27-Jan-2020 23:46:48.473 INFO [main] org.apache.catalina.startup.HostConfig.deployDirectory 웹 애플리케이션 디렉토리 [D:\소프트웨어\학업 소프트웨어\apache-tomcat-9.0.27\webapps\docs]에 대한 배치가 [3,447] 밀리초에 완료되었습니다.
27-Jan-2020 23:46:48.476 INFO [main] org.apache.catalina.startup.HostConfig.deployDirectory 웹 애플리케이션 디렉토리 [D:\소프트웨어\학업 소프트웨어\apache-tomcat-9.0.27\webapps\examples]을(를) 배치합니다.
27-Jan-2020 23:46:51.115 INFO [main] org.apache.jasper.servlet.TldScanner.scanJars 적어도 하나의 JAR가 TLD들을 찾기 위해 스캔되었으나 아무 것도 찾지 못했습니다. 스캔했으나 TLD가 없는 JAR들의 전체 목록을 보시려면, 로그 레벨을 디버그 레벨로 설정하십시오. 스캔 과정에서 불필요한 JAR들을 건너뛰면, 시스템 시작 시간과 JSP 컴파일 시간을 단축시킬 수 있습니다.
27-Jan-2020 23:46:51.246 INFO [main] org.apache.catalina.startup.HostConfig.deployDirectory 웹 애플리케이션 디렉토리 [D:\소프트웨어\학업 소프트웨어\apache-tomcat-9.0.27\webapps\examples]에 대한 배치가 [2,770] 밀리초에 완료되었습니다.
27-Jan-2020 23:46:51.250 INFO [main] org.apache.catalina.startup.HostConfig.deployDirectory 웹 애플리케이션 디렉토리 [D:\소프트웨어\학업 소프트웨어\apache-tomcat-9.0.27\webapps\host-manager]을(를) 배치합니다.
27-Jan-2020 23:46:52.208 INFO [main] org.apache.jasper.servlet.TldScanner.scanJars 적어도 하나의 JAR가 TLD들을 찾기 위해 스캔되었으나 아무 것도 찾지 못했습니다. 스캔했으나 TLD가 없는 JAR들의 전체 목록을 보시려면, 로그 레벨을 디버그 레벨로 설정하십시오. 스캔 과정에서 불필요한 JAR들을 건너뛰면, 시스템 시작 시간과 JSP 컴파일 시간을 단축시킬 수 있습니다.
27-Jan-2020 23:46:52.221 INFO [main] org.apache.catalina.startup.HostConfig.deployDirectory 웹 애플리케이션 디렉토리 [D:\소프트웨어\학업 소프트웨어\apache-tomcat-9.0.27\webapps\host-manager]에 대한 배치가 [971] 밀리초에 완료되었습니다.
27-Jan-2020 23:46:52.223 INFO [main] org.apache.catalina.startup.HostConfig.deployDirectory 웹 애플리케이션 디렉토리 [D:\소프트웨어\학업 소프트웨어\apache-tomcat-9.0.27\webapps\manager]을(를) 배치합니다.
27-Jan-2020 23:46:53.033 INFO [main] org.apache.jasper.servlet.TldScanner.scanJars 적어도 하나의 JAR가 TLD들을 찾기 위해 스캔되었으나 아무 것도 찾지 못했습니다. 스캔했으나 TLD가 없는 JAR들의 전체 목록을 보시려면, 로그 레벨을 디버그 레벨로 설정하십시오. 스캔 과정에서 불필요한 JAR들을 건너뛰면, 시스템 시작 시간과 JSP 컴파일 시간을 단축시킬 수 있습니다.
27-Jan-2020 23:46:53.042 INFO [main] org.apache.catalina.startup.HostConfig.deployDirectory 웹 애플리케이션 디렉토리 [D:\소프트웨어\학업 소프트웨어\apache-tomcat-9.0.27\webapps\manager]에 대한 배치가 [818] 밀리초에 완료되었습니다.
27-Jan-2020 23:46:53.044 INFO [main] org.apache.catalina.startup.HostConfig.deployDirectory 웹 애플리케이션 디렉토리 [D:\소프트웨어\학업 소프트웨어\apache-tomcat-9.0.27\webapps\ROOT]을(를) 배치합니다.
27-Jan-2020 23:46:55.991 INFO [main] org.apache.jasper.servlet.TldScanner.scanJars 적어도 하나의 JAR가 TLD들을 찾기 위해 스캔되었으나 아무 것도 찾지 못했습니다. 스캔했으나 TLD가 없는 JAR들의 전체 목록을 보시려면, 로그 레벨을 디버그 레벨로 설정하십시오. 스캔 과정에서 불필요한 JAR들을 건너뛰면, 시스템 시작 시간과 JSP 컴파일 시간을 단축시킬 수 있습니다.
27-Jan-2020 23:46:58.154 SEVERE [main] org.apache.catalina.core.StandardContext.startInternal 하나 이상의 리스너들이 시작하지 못했습니다. 상세 내역은 적절한 컨테이너 로그 파일에서 찾을 수 있습니다.
27-Jan-2020 23:46:58.157 SEVERE [main] org.apache.catalina.core.StandardContext.startInternal 이전 오류들로 인해 컨텍스트 []의 시작이 실패했습니다.
27-Jan-2020 23:46:58.178 WARNING [main] org.apache.catalina.loader.WebappClassLoaderBase.clearReferencesJdbc 웹 애플리케이션 [ROOT]이(가) JDBC 드라이버 [org.h2.Driver]을(를) 등록했지만, 웹 애플리케이션이 중지될 때, 해당 JDBC 드라이버의 등록을 제거하지 못했습니다. 메모리 누수를 방지하기 위하여, 등록을 강제로 제거했습니다.
27-Jan-2020 23:46:58.193 INFO [main] org.apache.catalina.startup.HostConfig.deployDirectory 웹 애플리케이션 디렉토리 [D:\소프트웨어\학업 소프트웨어\apache-tomcat-9.0.27\webapps\ROOT]에 대한 배치가 [5,149] 밀리초에 완료되었습니다.
27-Jan-2020 23:46:58.201 INFO [main] org.apache.coyote.AbstractProtocol.start 프로토콜 핸들러 ["http-nio-8001"]을(를) 시작합니다.
27-Jan-2020 23:46:58.222 INFO [main] org.apache.coyote.AbstractProtocol.start 프로토콜 핸들러 ["ajp-nio-8009"]을(를) 시작합니다.
27-Jan-2020 23:46:58.229 INFO [main] org.apache.catalina.startup.Catalina.start 서버가 [13,253] 밀리초 내에 시작되었습니다.
27-Jan-2020 23:48:44.014 SEVERE [main] org.apache.catalina.startup.Catalina.stopServer [localhost:8005] (base 포트 [8005] 그리고 offset [0])와(과) 연결할 수 없었습니다. Tomcat이 실행 중이지 않을 수 있습니다.
